This is XeTeX, Version 3.1415926-2.3-0.9997.5 (MiKTeX 2.9) (preloaded format=xelatex 2014.5.3)  4 MAY 2014 09:44
entering extended mode
**吴鸿毅模板.tex
(M:\latex模板0501\吴鸿毅latex模板\吴鸿毅模板.tex
LaTeX2e <2011/06/27>
Babel <v3.8m> and hyphenation patterns for loaded.
(D:\CTEX\MiKTeX\tex\latex\base\article.cls
Document Class: article 2007/10/19 v1.4h Standard LaTeX document class
(D:\CTEX\MiKTeX\tex\latex\base\size11.clo
File: size11.clo 2007/10/19 v1.4h Standard LaTeX file (size option)
Requested font "cmr10" at 10.95pt
 -> cmr10
)
\c@part=\count80
\c@section=\count81
\c@subsection=\count82
\c@subsubsection=\count83
\c@paragraph=\count84
\c@subparagraph=\count85
\c@figure=\count86
\c@table=\count87
\abovecaptionskip=\skip41
\belowcaptionskip=\skip42
\bibindent=\dimen102
)
(D:\CTEX\MiKTeX\tex\latex\graphics\color.sty
Package: color 2005/11/14 v1.0j Standard LaTeX Color (DPC)

(D:\CTEX\MiKTeX\tex\latex\00miktex\color.cfg
File: color.cfg 2007/01/18 v1.5 color configuration of teTeX/TeXLive
)
Package color Info: Driver file: xetex.def on input line 130.

(D:\CTEX\MiKTeX\tex\xelatex\xetex-def\xetex.def
File: xetex.def 2009/11/22 v0.94 LaTeX color/graphics driver for XeTeX (RRM/JK)

))
(D:\CTEX\UserData\tex\latex\xcolor\xcolor.sty
Package: xcolor 2007/01/21 v2.11 LaTeX color extensions (UK)

(D:\CTEX\MiKTeX\tex\latex\00miktex\color.cfg
File: color.cfg 2007/01/18 v1.5 color configuration of teTeX/TeXLive
)
Package xcolor Info: Driver file: xetex.def on input line 225.
LaTeX Info: Redefining \color on input line 702.
Package xcolor Info: Model `cmy' substituted by `cmy0' on input line 1337.
Package xcolor Info: Model `RGB' extended on input line 1353.
Package xcolor Info: Model `HTML' substituted by `rgb' on input line 1355.
Package xcolor Info: Model `Hsb' substituted by `hsb' on input line 1356.
Package xcolor Info: Model `tHsb' substituted by `hsb' on input line 1357.
Package xcolor Info: Model `HSB' substituted by `hsb' on input line 1358.
Package xcolor Info: Model `Gray' substituted by `gray' on input line 1359.
Package xcolor Info: Model `wave' substituted by `hsb' on input line 1360.
)
(D:\CTEX\MiKTeX\tex\latex\tools\multicol.sty
Package: multicol 2011/06/27 v1.7a multicolumn formatting (FMi)
\c@tracingmulticols=\count88
\mult@box=\box26
\multicol@leftmargin=\dimen103
\c@unbalance=\count89
\c@collectmore=\count90
\doublecol@number=\count91
\multicoltolerance=\count92
\multicolpretolerance=\count93
\full@width=\dimen104
\page@free=\dimen105
\premulticols=\dimen106
\postmulticols=\dimen107
\multicolsep=\skip43
\multicolbaselineskip=\skip44
\partial@page=\box27
\last@line=\box28
\mult@rightbox=\box29
\mult@grightbox=\box30
\mult@gfirstbox=\box31
\mult@firstbox=\box32
\@tempa=\box33
\@tempa=\box34
\@tempa=\box35
\@tempa=\box36
\@tempa=\box37
\@tempa=\box38
\@tempa=\box39
\@tempa=\box40
\@tempa=\box41
\@tempa=\box42
\@tempa=\box43
\@tempa=\box44
\@tempa=\box45
\@tempa=\box46
\@tempa=\box47
\@tempa=\box48
\@tempa=\box49
\c@columnbadness=\count94
\c@finalcolumnbadness=\count95
\last@try=\dimen108
\multicolovershoot=\dimen109
\multicolundershoot=\dimen110
\mult@nat@firstbox=\box50
\colbreak@box=\box51
\multicol@sort@counter=\count96
)
(D:\CTEX\MiKTeX\tex\latex\multirow\multirow.sty
\bigstrutjot=\dimen111
)
(D:\CTEX\UserData\tex\latex\preprint\balance.sty
Package: balance 1999/02/23 4.3 (PWD)
\oldvsize=\dimen112
)
(D:\CTEX\MiKTeX\tex\latex\graphics\graphicx.sty
Package: graphicx 1999/02/16 v1.0f Enhanced LaTeX Graphics (DPC,SPQR)

(D:\CTEX\MiKTeX\tex\latex\graphics\keyval.sty
Package: keyval 1999/03/16 v1.13 key=value parser (DPC)
\KV@toks@=\toks14
)
(D:\CTEX\MiKTeX\tex\latex\graphics\graphics.sty
Package: graphics 2009/02/05 v1.0o Standard LaTeX Graphics (DPC,SPQR)

(D:\CTEX\MiKTeX\tex\latex\graphics\trig.sty
Package: trig 1999/03/16 v1.09 sin cos tan (DPC)
)
(D:\CTEX\MiKTeX\tex\latex\00miktex\graphics.cfg
File: graphics.cfg 2007/01/18 v1.5 graphics configuration of teTeX/TeXLive
)
Package graphics Info: Driver file: xetex.def on input line 91.
)
\Gin@req@height=\dimen113
\Gin@req@width=\dimen114
)
(D:\CTEX\MiKTeX\tex\latex\tools\indentfirst.sty
Package: indentfirst 1995/11/23 v1.03 Indent first paragraph (DPC)
)
(D:\CTEX\UserData\tex\latex\setspace\setspace.sty
Package: setspace 2011/12/19 v6.7a set line spacing
)
(D:\CTEX\UserData\tex\latex\booktabs\booktabs.sty
Package: booktabs 2005/04/14 v1.61803 publication quality tables
\heavyrulewidth=\dimen115
\lightrulewidth=\dimen116
\cmidrulewidth=\dimen117
\belowrulesep=\dimen118
\belowbottomsep=\dimen119
\aboverulesep=\dimen120
\abovetopsep=\dimen121
\cmidrulesep=\dimen122
\cmidrulekern=\dimen123
\defaultaddspace=\dimen124
\@cmidla=\count97
\@cmidlb=\count98
\@aboverulesep=\dimen125
\@belowrulesep=\dimen126
\@thisruleclass=\count99
\@lastruleclass=\count100
\@thisrulewidth=\dimen127
)
(D:\CTEX\MiKTeX\tex\latex\geometry\geometry.sty
Package: geometry 2010/09/12 v5.6 Page Geometry

(D:\CTEX\MiKTeX\tex\generic\oberdiek\ifpdf.sty
Package: ifpdf 2011/01/30 v2.3 Provides the ifpdf switch (HO)
Package ifpdf Info: pdfTeX in PDF mode is not detected.
)
(D:\CTEX\MiKTeX\tex\generic\oberdiek\ifvtex.sty
Package: ifvtex 2010/03/01 v1.5 Switches for detecting VTeX and its modes (HO)
Package ifvtex Info: VTeX not detected.
)
(D:\CTEX\MiKTeX\tex\generic\ifxetex\ifxetex.sty
Package: ifxetex 2010/09/12 v0.6 Provides ifxetex conditional
)
\Gm@cnth=\count101
\Gm@cntv=\count102
\c@Gm@tempcnt=\count103
\Gm@bindingoffset=\dimen128
\Gm@wd@mp=\dimen129
\Gm@odd@mp=\dimen130
\Gm@even@mp=\dimen131
\Gm@layoutwidth=\dimen132
\Gm@layoutheight=\dimen133
\Gm@layouthoffset=\dimen134
\Gm@layoutvoffset=\dimen135
\Gm@dimlist=\toks15

(D:\CTEX\MiKTeX\tex\xelatex\xetexconfig\geometry.cfg))

Package geometry Warning: Over-specification in `h'-direction.
    `width' (483.69684pt) is ignored.


Package geometry Warning: Over-specification in `v'-direction.
    `height' (351.00015pt) is ignored.


Package geometry Warning: Over-specification in `h'-direction.
    `width' (483.69684pt) is ignored.


Package geometry Warning: Over-specification in `v'-direction.
    `height' (371.00015pt) is ignored.

(D:\CTEX\UserData\tex\latex\titlesec\titlesec.sty
Package: titlesec 2011/12/15 v2.10.0 Sectioning titles
\ttl@box=\box52
\beforetitleunit=\skip45
\aftertitleunit=\skip46
\ttl@plus=\dimen136
\ttl@minus=\dimen137
\ttl@toksa=\toks16
\titlewidth=\dimen138
\titlewidthlast=\dimen139
\titlewidthfirst=\dimen140

(D:\CTEX\UserData\tex\latex\titlesec\ttlps.def
File: ttlps.def 2011/12/15
))
(D:\CTEX\MiKTeX\tex\latex\fontspec\fontspec.sty
Package: fontspec 2011/09/18 v2.2a Advanced font selection for XeLaTeX/LuaLaTeX


(D:\CTEX\MiKTeX\tex\latex\l3kernel\expl3.sty
(D:\CTEX\MiKTeX\tex\latex\l3kernel\l3names.sty
(D:\CTEX\MiKTeX\tex\latex\l3kernel\l3bootstrap.sty
Package: l3bootstrap 2011/12/29 v3110 L3 Experimental bootstrap code
)
Package: l3names 2011/12/30 v3113 L3 Experimental namespace for primitives
)
(D:\CTEX\MiKTeX\tex\latex\misc\etex.sty
Package: etex 1998/03/26 v2.0 eTeX basic definition package (PEB)
\et@xins=\count104
)
Package: expl3 2012/02/26 v3471 L3 Experimental code bundle wrapper

(D:\CTEX\MiKTeX\tex\latex\l3kernel\l3basics.sty
Package: l3basics 2012/02/26 v3460 L3 Experimental basic definitions
)
(D:\CTEX\MiKTeX\tex\latex\l3kernel\l3expan.sty
Package: l3expan 2012/02/26 v3460 L3 Experimental argument expansion
)
(D:\CTEX\MiKTeX\tex\latex\l3kernel\l3tl.sty
Package: l3tl 2012/02/26 v3460 L3 Experimental token lists
)
(D:\CTEX\MiKTeX\tex\latex\l3kernel\l3seq.sty
Package: l3seq 2012/01/09 v3158 L3 Experimental sequences and stacks
)
(D:\CTEX\MiKTeX\tex\latex\l3kernel\l3int.sty
Package: l3int 2012/02/26 v3460 L3 Experimental integers
\c_max_int=\count105
\l_tmpa_int=\count106
\l_tmpb_int=\count107
\l_tmpc_int=\count108
\g_tmpa_int=\count109
\g_tmpb_int=\count110
)
(D:\CTEX\MiKTeX\tex\latex\l3kernel\l3quark.sty
Package: l3quark 2012/02/12 v3384 L3 Experimental quarks
)
(D:\CTEX\MiKTeX\tex\latex\l3kernel\l3prg.sty
Package: l3prg 2012/02/26 v3464 L3 Experimental control structures
\g_prg_map_int=\count111
)
(D:\CTEX\MiKTeX\tex\latex\l3kernel\l3clist.sty
Package: l3clist 2012/02/26 v3460 L3 Experimental comma separated lists
)
(D:\CTEX\MiKTeX\tex\latex\l3kernel\l3token.sty
Package: l3token 2012/02/26 v3460 L3 Experimental token manipulation
)
(D:\CTEX\MiKTeX\tex\latex\l3kernel\l3prop.sty
Package: l3prop 2012/02/26 v3460 L3 Experimental property lists
)
(D:\CTEX\MiKTeX\tex\latex\l3kernel\l3msg.sty
Package: l3msg 2012/02/26 v3470 L3 Experimental messages
)
(D:\CTEX\MiKTeX\tex\latex\l3kernel\l3file.sty
Package: l3file 2012/02/26 v3464 L3 Experimental file and I/O operations
\l_iow_stream_int=\count112
\l_iow_line_length_int=\count113
\l_iow_target_length_int=\count114
\l_iow_current_line_int=\count115
\l_iow_current_word_int=\count116
\l_iow_current_indentation_int=\count117
)
(D:\CTEX\MiKTeX\tex\latex\l3kernel\l3skip.sty
Package: l3skip 2012/02/26 v3460 L3 Experimental dimensions and skips
\l_tmpa_dim=\dimen141
\l_tmpb_dim=\dimen142
\l_tmpc_dim=\dimen143
\g_tmpa_dim=\dimen144
\g_tmpb_dim=\dimen145
\l_tmpa_skip=\skip47
\l_tmpb_skip=\skip48
\l_tmpc_skip=\skip49
\g_tmpa_skip=\skip50
\g_tmpb_skip=\skip51
)
(D:\CTEX\MiKTeX\tex\latex\l3kernel\l3keys.sty
Package: l3keys 2011/12/22 v3086 L3 Experimental key-value interfaces
\g_keyval_level_int=\count118
\l_keys_choice_int=\count119
)
(D:\CTEX\MiKTeX\tex\latex\l3kernel\l3fp.sty
Package: l3fp 2012/02/06 v3315 L3 Experimental floating-point operations
\c_one_hundred_million=\count120
\c_five_hundred_million=\count121
\c_one_thousand_million=\count122
\c_fp_pi_by_four_decimal_int=\count123
\c_fp_pi_by_four_extended_int=\count124
\c_fp_pi_decimal_int=\count125
\c_fp_pi_extended_int=\count126
\c_fp_two_pi_decimal_int=\count127
\c_fp_two_pi_extended_int=\count128
\l_fp_count_int=\count129
\l_fp_div_offset_int=\count130
\l_fp_exp_integer_int=\count131
\l_fp_exp_decimal_int=\count132
\l_fp_exp_extended_int=\count133
\l_fp_exp_exponent_int=\count134
\l_fp_input_a_sign_int=\count135
\l_fp_input_a_integer_int=\count136
\l_fp_input_a_decimal_int=\count137
\l_fp_input_a_exponent_int=\count138
\l_fp_input_b_sign_int=\count139
\l_fp_input_b_integer_int=\count140
\l_fp_input_b_decimal_int=\count141
\l_fp_input_b_exponent_int=\count142
\l_fp_input_a_extended_int=\count143
\l_fp_input_b_extended_int=\count144
\l_fp_mul_a_i_int=\count145
\l_fp_mul_a_ii_int=\count146
\l_fp_mul_a_iii_int=\count147
\l_fp_mul_a_iv_int=\count148
\l_fp_mul_a_v_int=\count149
\l_fp_mul_a_vi_int=\count150
\l_fp_mul_b_i_int=\count151
\l_fp_mul_b_ii_int=\count152
\l_fp_mul_b_iii_int=\count153
\l_fp_mul_b_iv_int=\count154
\l_fp_mul_b_v_int=\count155
\l_fp_mul_b_vi_int=\count156
\l_fp_mul_output_int=\count157
\l_fp_output_sign_int=\count158
\l_fp_output_integer_int=\count159
\l_fp_output_decimal_int=\count160
\l_fp_output_exponent_int=\count161
\l_fp_output_extended_int=\count162
\l_fp_round_position_int=\count163
\l_fp_round_target_int=\count164
\l_fp_split_sign_int=\count165
\l_fp_internal_int=\count166
\l_fp_trig_octant_int=\count167
\l_fp_trig_sign_int=\count168
\l_fp_trig_decimal_int=\count169
\l_fp_trig_extended_int=\count170
\l_fp_internal_dim=\dimen146
\l_fp_internal_skip=\skip52
)
(D:\CTEX\MiKTeX\tex\latex\l3kernel\l3box.sty
Package: l3box 2012/02/18 v3432 L3 Experimental boxes
\l_tmpb_box=\box53
\l_box_top_dim=\dimen147
\l_box_bottom_dim=\dimen148
\l_box_left_dim=\dimen149
\l_box_right_dim=\dimen150
\l_box_top_new_dim=\dimen151
\l_box_bottom_new_dim=\dimen152
\l_box_left_new_dim=\dimen153
\l_box_right_new_dim=\dimen154
\l_box_internal_box=\box54
)
(D:\CTEX\MiKTeX\tex\latex\l3kernel\l3coffins.sty
Package: l3coffins 2012/02/26 v3460 L3 Experimental coffin code layer
\l_coffin_internal_box=\box55
\l_coffin_internal_dim=\dimen155
\l_coffin_offset_x_dim=\dimen156
\l_coffin_offset_y_dim=\dimen157
\l_coffin_x_dim=\dimen158
\l_coffin_y_dim=\dimen159
\l_coffin_x_prime_dim=\dimen160
\l_coffin_y_prime_dim=\dimen161
\l_coffin_Depth_dim=\dimen162
\l_coffin_Height_dim=\dimen163
\l_coffin_TotalHeight_dim=\dimen164
\l_coffin_Width_dim=\dimen165
\c_empty_coffin=\box56
\l_coffin_aligned_coffin=\box57
\l_coffin_aligned_internal_coffin=\box58
\l_coffin_bounding_shift_dim=\dimen166
\l_coffin_left_corner_dim=\dimen167
\l_coffin_right_corner_dim=\dimen168
\l_coffin_bottom_corner_dim=\dimen169
\l_coffin_top_corner_dim=\dimen170
\l_coffin_scaled_total_height_dim=\dimen171
\l_coffin_scaled_width_dim=\dimen172
\l_coffin_display_coffin=\box59
\l_coffin_display_coord_coffin=\box60
\l_coffin_display_pole_coffin=\box61
\l_coffin_display_offset_dim=\dimen173
\l_coffin_display_x_dim=\dimen174
\l_coffin_display_y_dim=\dimen175
)
(D:\CTEX\MiKTeX\tex\latex\l3kernel\l3color.sty
Package: l3color 2011/09/07 v2776 L3 Experimental colour support
)
(D:\CTEX\MiKTeX\tex\latex\l3kernel\l3luatex.sty
Package: l3luatex 2012/02/09 v3355 L3 Experimental LuaTeX-specific functions
\g_cctab_allocate_int=\count171
\g_cctab_stack_int=\count172
))
(D:\CTEX\MiKTeX\tex\latex\l3packages\xparse\xparse.sty
Package: xparse 2012/02/26 v3471 L3 Experimental document command parser
\l_xparse_current_arg_int=\count173
\l_xparse_m_args_int=\count174
\l_xparse_mandatory_args_int=\count175
\l_xparse_processor_int=\count176
\l_xparse_v_nesting_int=\count177
)
\l_fontspec_script_int=\count178
\l_fontspec_language_int=\count179
\l_fontspec_strnum_int=\count180
\l_fontspec_tmpa_dim=\dimen176
\l_fontspec_tmpb_dim=\dimen177
\l_fontspec_tmpc_dim=\dimen178
Variant \tl_gset:cV already defined; not changing it on line 66

(D:\CTEX\MiKTeX\tex\latex\fontspec\fontspec-patches.sty
Package: fontspec-patches 2011/09/18 v2.2a Advanced font selection for XeLaTeX/
LuaLaTeX

(D:\CTEX\MiKTeX\tex\latex\base\fixltx2e.sty
Package: fixltx2e 2006/09/13 v1.1m fixes to LaTeX
LaTeX Info: Redefining \em on input line 420.
)
LaTeX Info: Redefining \em on input line 22.
LaTeX Info: Redefining \emph on input line 29.
LaTeX Info: Redefining \- on input line 32.

*************************************************
* LaTeX warning: "xparse/redefine-command"
* 
* Redefining document command \oldstylenums with arg. spec. 'm' on line 107.
*************************************************
.................................................
. LaTeX info: "xparse/define-command"
. 
. Defining document command \liningnums with arg. spec. 'm' on line 111.
.................................................
) (D:\CTEX\MiKTeX\tex\latex\fontspec\fontspec-xetex.sty
Package: fontspec-xetex 2011/09/18 v2.2a Advanced font selection for XeLaTeX/Lu
aLaTeX

(D:\CTEX\MiKTeX\tex\latex\base\fontenc.sty
Package: fontenc 2005/09/27 v1.99g Standard LaTeX package

(D:\CTEX\MiKTeX\tex\latex\euenc\eu1enc.def
File: eu1enc.def 2010/05/27 v0.1h Experimental Unicode font encodings
)
LaTeX Font Info:    Try loading font information for EU1+lmr on input line 100.


(D:\CTEX\MiKTeX\tex\latex\euenc\eu1lmr.fd
File: eu1lmr.fd 2009/10/30 v1.6 Font defs for Latin Modern
)
Requested font "[lmroman10-regular]:mapping=tex-text" at 10.0pt
 -> D:/CTEX/MiKTeX/fonts/opentype/public/lm/lmroman10-regular.otf
)
(D:\CTEX\MiKTeX\tex\xelatex\xunicode\xunicode.sty
File: xunicode.sty 2011/09/09 v0.981 provides access to latin accents and many 
other characters in Unicode lower plane

(D:\CTEX\MiKTeX\tex\latex\tipa\t3enc.def
File: t3enc.def 2001/12/31 T3 encoding
Requested font "[lmromanslant10-regular]:mapping=tex-text" at 10.0pt
 -> D:/CTEX/MiKTeX/fonts/opentype/public/lm/lmromanslant10-regular.otf
Requested font "[lmroman10-italic]:mapping=tex-text" at 10.0pt
 -> D:/CTEX/MiKTeX/fonts/opentype/public/lm/lmroman10-italic.otf
Requested font "[lmroman10-bold]:mapping=tex-text" at 10.0pt
 -> D:/CTEX/MiKTeX/fonts/opentype/public/lm/lmroman10-bold.otf
LaTeX Font Info:    Try loading font information for EU1+lmss on input line 357
.

(D:\CTEX\MiKTeX\tex\latex\euenc\eu1lmss.fd
File: eu1lmss.fd 2009/10/30 v1.6 Font defs for Latin Modern
)
Requested font "[lmsans10-regular]:mapping=tex-text" at 10.0pt
 -> D:/CTEX/MiKTeX/fonts/opentype/public/lm/lmsans10-regular.otf
)
\tipaTiiicode=\count181
\tipasavetokens=\toks17
\tipachecktokens=\toks18
)
.................................................
. LaTeX info: "xparse/define-command"
. 
. Defining document command \fontspec with arg. spec. 'O{}m' on line 39.
.................................................
.................................................
. LaTeX info: "xparse/define-command"
. 
. Defining document command \setmainfont with arg. spec. 'O{}m' on line 43.
.................................................
.................................................
. LaTeX info: "xparse/define-command"
. 
. Defining document command \setsansfont with arg. spec. 'O{}m' on line 47.
.................................................
.................................................
. LaTeX info: "xparse/define-command"
. 
. Defining document command \setmonofont with arg. spec. 'O{}m' on line 51.
.................................................
.................................................
. LaTeX info: "xparse/define-command"
. 
. Defining document command \setmathrm with arg. spec. 'O{}m' on line 59.
.................................................
.................................................
. LaTeX info: "xparse/define-command"
. 
. Defining document command \setboldmathrm with arg. spec. 'O{}m' on line 62.
.................................................
.................................................
. LaTeX info: "xparse/define-command"
. 
. Defining document command \setmathsf with arg. spec. 'O{}m' on line 65.
.................................................
.................................................
. LaTeX info: "xparse/define-command"
. 
. Defining document command \setmathtt with arg. spec. 'O{}m' on line 68.
.................................................
.................................................
. LaTeX info: "xparse/define-command"
. 
. Defining document command \newfontfamily with arg. spec. 'mO{}m' on line 84.
.................................................
.................................................
. LaTeX info: "xparse/define-command"
. 
. Defining document command \newfontface with arg. spec. 'mO{}m' on line 87.
.................................................
.................................................
. LaTeX info: "xparse/define-command"
. 
. Defining document command \defaultfontfeatures with arg. spec. 'm' on line
. 91.
.................................................
.................................................
. LaTeX info: "xparse/define-command"
. 
. Defining document command \addfontfeatures with arg. spec. 'm' on line 107.
.................................................
.................................................
. LaTeX info: "xparse/define-command"
. 
. Defining document command \newfontfeature with arg. spec. 'mm' on line 118.
.................................................
.................................................
. LaTeX info: "xparse/define-command"
. 
. Defining document command \newAATfeature with arg. spec. 'mmmm' on line 125.
.................................................
.................................................
. LaTeX info: "xparse/define-command"
. 
. Defining document command \newICUfeature with arg. spec. 'mmm' on line 132.
.................................................
.................................................
. LaTeX info: "xparse/define-command"
. 
. Defining document command \aliasfontfeature with arg. spec. 'mm' on line
. 159.
.................................................
.................................................
. LaTeX info: "xparse/define-command"
. 
. Defining document command \aliasfontfeatureoption with arg. spec. 'mmm' on
. line 164.
.................................................
.................................................
. LaTeX info: "xparse/define-command"
. 
. Defining document command \newfontscript with arg. spec. 'mm' on line 169.
.................................................
.................................................
. LaTeX info: "xparse/define-command"
. 
. Defining document command \newfontlanguage with arg. spec. 'mm' on line 192.
.................................................
.................................................
. LaTeX info: "xparse/define-command"
. 
. Defining document command \DeclareFontsExtensions with arg. spec. 'm' on
. line 211.
.................................................
Variant \prop_gput:cnV already defined; not changing it on line 485
Variant \prop_gput:cnx already defined; not changing it on line 486
Variant \keys_set:nx already defined; not changing it on line 963
\c@fontspec_tmp_int=\count182
LaTeX Info: Redefining \itshape on input line 1881.
LaTeX Info: Redefining \slshape on input line 1885.
LaTeX Info: Redefining \scshape on input line 1889.
LaTeX Info: Redefining \upshape on input line 1893.

(D:\CTEX\MiKTeX\tex\latex\fontspec\fontspec.cfg)))
Requested font "[simsun.ttc]/ICU" at 10.0pt
 -> C:/WINDOWS/Fonts/simsun.ttc
.................................................
. fontspec info: "no-scripts"
. 
. Font simsun.ttc does not contain any OpenType `Script' information.
.................................................
\g_fontspec_family_simsun.ttc_int=\count183
Requested font "[SimHei]/ICU" at 10.0pt
 -> C:/WINDOWS/Fonts/SimHei.ttf
.................................................
. fontspec info: "defining-font"
. 
. Font family 'simsun.ttc(0)' created for font 'simsun.ttc' with options
. [BoldFont=SimHei].
. 
. This font family consists of the following shapes:
. 
. * 'normal' with NFSS spec.:
. <->"[simsun.ttc]/ICU:"
. 
. * 'bold' with NFSS spec.:
. <->"[SimHei]/ICU:"
.................................................
Requested font "[simsun.ttc]/ICU:" at 10.0pt
 -> C:/WINDOWS/Fonts/simsun.ttc
.................................................
. fontspec info: "no-scripts"
. 
. Font simsun.ttc does not contain any OpenType `Script' information.
.................................................
.................................................
. fontspec info: "defining-font"
. 
. Font family 'simsun.ttc(1)' created for font 'simsun.ttc' with options [].
. 
. This font family consists of the following shapes:
. 
. * 'normal' with NFSS spec.:
. <->"[simsun.ttc]/ICU:"
.................................................
Requested font "[simfang.ttf]/ICU" at 10.0pt
 -> C:/WINDOWS/Fonts/simfang.ttf
.................................................
. fontspec info: "no-scripts"
. 
. Font simfang.ttf does not contain any OpenType `Script' information.
.................................................
\g_fontspec_family_simfang.ttf_int=\count184
.................................................
. fontspec info: "defining-font"
. 
. Font family 'simfang.ttf(0)' created for font 'simfang.ttf' with options [].
. 
. This font family consists of the following shapes:
. 
. * 'normal' with NFSS spec.:
. <->"[simfang.ttf]/ICU:"
.................................................
Requested font "[simhei.ttf]/ICU" at 10.0pt
 -> C:/WINDOWS/Fonts/simhei.ttf
.................................................
. fontspec info: "no-scripts"
. 
. Font simhei.ttf does not contain any OpenType `Script' information.
.................................................
\g_fontspec_family_simhei.ttf_int=\count185
.................................................
. fontspec info: "defining-font"
. 
. Font family 'simhei.ttf(0)' created for font 'simhei.ttf' with options [].
. 
. This font family consists of the following shapes:
. 
. * 'normal' with NFSS spec.:
. <->"[simhei.ttf]/ICU:"
.................................................
Requested font "[simkai.ttf]/ICU" at 10.0pt
 -> C:/WINDOWS/Fonts/simkai.ttf
.................................................
. fontspec info: "no-scripts"
. 
. Font simkai.ttf does not contain any OpenType `Script' information.
.................................................
\g_fontspec_family_simkai.ttf_int=\count186
.................................................
. fontspec info: "defining-font"
. 
. Font family 'simkai.ttf(0)' created for font 'simkai.ttf' with options [].
. 
. This font family consists of the following shapes:
. 
. * 'normal' with NFSS spec.:
. <->"[simkai.ttf]/ICU:"
.................................................
Requested font "Times New Roman" at 10.0pt
 -> C:/WINDOWS/Fonts/times.ttf
Requested font "Times New Roman/ICU" at 10.0pt
 -> C:/WINDOWS/Fonts/times.ttf
.................................................
. fontspec info: "no-scripts"
. 
. Font Times New Roman does not contain any OpenType `Script' information.
.................................................
\g_fontspec_family_Times New Roman_int=\count187
Requested font "Times New Roman/B/ICU" at 10.0pt
 -> C:/WINDOWS/Fonts/timesbd.ttf
Requested font "Times New Roman/B/B/ICU" at 10.0pt
 -> C:/WINDOWS/Fonts/timesbd.ttf
Requested font "Times New Roman/I/ICU" at 10.0pt
 -> C:/WINDOWS/Fonts/timesi.ttf
Requested font "Times New Roman/I/I/ICU" at 10.0pt
 -> C:/WINDOWS/Fonts/timesi.ttf
Requested font "Times New Roman/BI/ICU" at 10.0pt
 -> C:/WINDOWS/Fonts/timesbi.ttf
Requested font "Times New Roman/BI/BI/ICU" at 10.0pt
 -> C:/WINDOWS/Fonts/timesbi.ttf
.................................................
. fontspec info: "defining-font"
. 
. Font family 'TimesNewRoman(0)' created for font 'Times New Roman' with
. options [].
. 
. This font family consists of the following shapes:
. 
. * 'normal' with NFSS spec.:
. <->"Times New Roman/ICU:"
. 
. * 'bold' with NFSS spec.:
. <->"Times New Roman/B/ICU:"
. 
. * 'italic' with NFSS spec.:
. <->"Times New Roman/I/ICU:"
. 
. * 'bold italic' with NFSS spec.:
. <->"Times New Roman/BI/ICU:"
.................................................
LaTeX Info: Redefining \roman on input line 105.
\c@example=\count188
\c@algorithm=\count189
\c@theorem=\count190
\c@definition=\count191
\c@axiom=\count192
\c@property=\count193
\c@proposition=\count194
\c@lemma=\count195
\c@corollary=\count196
\c@remark=\count197
\c@condition=\count198
\c@conclusion=\count199
\c@assumption=\count200

(D:\CTEX\UserData\tex\latex\listings\listings.sty
\lst@mode=\count201
\lst@gtempboxa=\box62
\lst@token=\toks19
Normal \count register pool exhausted, switching to extended pool.
\lst@length=\count277
\lst@currlwidth=\dimen179
\lst@column=\count278
\lst@pos=\count279
\lst@lostspace=\dimen180
\lst@width=\dimen181
\lst@newlines=\count280
\lst@lineno=\count281
\lst@maxwidth=\dimen182

(D:\CTEX\UserData\tex\latex\listings\lstmisc.sty
File: lstmisc.sty 2014/03/04 1.5c (Carsten Heinz)
\c@lstnumber=\count282
\lst@skipnumbers=\count283
\lst@framebox=\box63
)
(D:\CTEX\UserData\tex\latex\listings\listings.cfg
File: listings.cfg 2014/03/04 1.5c listings configuration
))
Package: listings 2014/03/04 1.5c (Carsten Heinz)

(D:\CTEX\UserData\tex\latex\listings\lstlang1.sty
File: lstlang1.sty 2014/03/04 1.5c listings language file
)
(D:\CTEX\UserData\tex\latex\listings\lstlang1.sty
File: lstlang1.sty 2014/03/04 1.5c listings language file
)
(D:\CTEX\UserData\tex\latex\listings\lstmisc.sty
File: lstmisc.sty 2014/03/04 1.5c (Carsten Heinz)
)
(D:\CTEX\MiKTeX\tex\latex\hyperref\hyperref.sty
Package: hyperref 2012/02/06 v6.82o Hypertext links for LaTeX

(D:\CTEX\MiKTeX\tex\generic\oberdiek\hobsub-hyperref.sty
Package: hobsub-hyperref 2011/04/23 v1.4 Bundle oberdiek, subset hyperref (HO)

(D:\CTEX\MiKTeX\tex\generic\oberdiek\hobsub-generic.sty
Package: hobsub-generic 2011/04/23 v1.4 Bundle oberdiek, subset generic (HO)
Package: hobsub 2011/04/23 v1.4 Subsetting bundle oberdiek (HO)
Package: infwarerr 2010/04/08 v1.3 Providing info/warning/message (HO)
Package: ltxcmds 2011/04/18 v1.20 LaTeX kernel commands for general use (HO)
Package: ifluatex 2010/03/01 v1.3 Provides the ifluatex switch (HO)
Package ifluatex Info: LuaTeX not detected.
Package hobsub Info: Skipping package `ifvtex' (already loaded).
Package: intcalc 2007/09/27 v1.1 Expandable integer calculations (HO)
Package hobsub Info: Skipping package `ifpdf' (already loaded).
Package: etexcmds 2011/02/16 v1.5 Prefix for e-TeX command names (HO)
Package etexcmds Info: Could not find \expanded.
(etexcmds)             That can mean that you are not using pdfTeX 1.50 or
(etexcmds)             that some package has redefined \expanded.
(etexcmds)             In the latter case, load this package earlier.
Package: kvsetkeys 2011/04/07 v1.13 Key value parser (HO)
Package: kvdefinekeys 2011/04/07 v1.3 Defining keys (HO)
Package: pdftexcmds 2011/04/22 v0.16 Utilities of pdfTeX for LuaTeX (HO)
Package pdftexcmds Info: LuaTeX not detected.
Package pdftexcmds Info: pdfTeX >= 1.30 not detected.
Package pdftexcmds Info: \pdf@primitive is available.
Package pdftexcmds Info: \pdf@ifprimitive is available.
Package pdftexcmds Info: \pdfdraftmode not found.
Package: pdfescape 2011/04/04 v1.12 Provides string conversions (HO)
Package: bigintcalc 2011/01/30 v1.2 Expandable big integer calculations (HO)
Package: bitset 2011/01/30 v1.1 Data type bit set (HO)
Package: uniquecounter 2011/01/30 v1.2 Provides unlimited unique counter (HO)
)
Package hobsub Info: Skipping package `hobsub' (already loaded).
Package: letltxmacro 2010/09/02 v1.4 Let assignment for LaTeX macros (HO)
Package: hopatch 2011/01/30 v1.0 Wrapper for package hooks (HO)
Package: xcolor-patch 2011/01/30 xcolor patch
Package: atveryend 2011/04/23 v1.7 Hooks at very end of document (HO)
Package: atbegshi 2011/01/30 v1.15 At begin shipout hook (HO)
Package: refcount 2010/12/01 v3.2 Data extraction from references (HO)
Package: hycolor 2011/01/30 v1.7 Color options of hyperref/bookmark (HO)
)
(D:\CTEX\MiKTeX\tex\latex\oberdiek\kvoptions.sty
Package: kvoptions 2010/12/23 v3.10 Keyval support for LaTeX options (HO)
)
\@linkdim=\dimen183
\Hy@linkcounter=\count284
\Hy@pagecounter=\count285

(D:\CTEX\MiKTeX\tex\latex\hyperref\pd1enc.def
File: pd1enc.def 2012/02/06 v6.82o Hyperref: PDFDocEncoding definition (HO)
)
\Hy@SavedSpaceFactor=\count286

(D:\CTEX\MiKTeX\tex\latex\00miktex\hyperref.cfg
File: hyperref.cfg 2002/06/06 v1.2 hyperref configuration of TeXLive
)
Package hyperref Info: Hyper figures OFF on input line 4046.
Package hyperref Info: Link nesting OFF on input line 4051.
Package hyperref Info: Hyper index ON on input line 4054.
Package hyperref Info: Plain pages OFF on input line 4061.
Package hyperref Info: Backreferencing OFF on input line 4066.
Package hyperref Info: Implicit mode ON; LaTeX internals redefined.
Package hyperref Info: Bookmarks ON on input line 4284.
\c@Hy@tempcnt=\count287

(D:\CTEX\MiKTeX\tex\xelatex\xetexurl\url.sty
\Urlmuskip=\muskip10
Package: url 2004/03/15  ver 3.1  Verb mode for urls, etc.
)
LaTeX Info: Redefining \url on input line 4637.
\Fld@menulength=\count288
\Field@Width=\dimen184
\Fld@charsize=\dimen185
Package hyperref Info: Hyper figures OFF on input line 5757.
Package hyperref Info: Link nesting OFF on input line 5762.
Package hyperref Info: Hyper index ON on input line 5765.
Package hyperref Info: backreferencing OFF on input line 5772.
Package hyperref Info: Link coloring OFF on input line 5777.
Package hyperref Info: Link coloring with OCG OFF on input line 5782.
Package hyperref Info: PDF/A mode OFF on input line 5787.
LaTeX Info: Redefining \ref on input line 5827.
LaTeX Info: Redefining \pageref on input line 5831.
\Hy@abspage=\count289
\c@Item=\count290
\c@Hfootnote=\count291
)

Package hyperref Message: Driver (autodetected): hxetex.

(D:\CTEX\MiKTeX\tex\latex\hyperref\hxetex.def
File: hxetex.def 2012/02/06 v6.82o Hyperref driver for XeTeX

(D:\CTEX\MiKTeX\tex\latex\hyperref\puenc.def
File: puenc.def 2012/02/06 v6.82o Hyperref: PDF Unicode definition (HO)
)
(D:\CTEX\MiKTeX\tex\generic\oberdiek\stringenc.sty
Package: stringenc 2010/03/01 v1.8 Converts strings between encodings (HO)
)
\pdfm@box=\box64
\c@Hy@AnnotLevel=\count292
\HyField@AnnotCount=\count293
\Fld@listcount=\count294
\c@bookmark@seq@number=\count295

(D:\CTEX\MiKTeX\tex\latex\oberdiek\rerunfilecheck.sty
Package: rerunfilecheck 2011/04/15 v1.7 Rerun checks for auxiliary files (HO)
Package rerunfilecheck Info: Feature \pdfmdfivesum is not available
(rerunfilecheck)             (e.g. pdfTeX or LuaTeX with package `pdftexcmds').

(rerunfilecheck)             Therefore file contents cannot be checked efficien
tly
(rerunfilecheck)             and the loading of the package is aborted.
)
\Hy@SectionHShift=\skip53
)
(M:\latex模板0501\吴鸿毅latex模板\吴鸿毅模板.aux)
LaTeX Font Info:    Checking defaults for OML/cmm/m/it on input line 179.
LaTeX Font Info:    ... okay on input line 179.
LaTeX Font Info:    Checking defaults for T1/cmr/m/n on input line 179.
LaTeX Font Info:    ... okay on input line 179.
LaTeX Font Info:    Checking defaults for OT1/cmr/m/n on input line 179.
LaTeX Font Info:    ... okay on input line 179.
LaTeX Font Info:    Checking defaults for OMS/cmsy/m/n on input line 179.
LaTeX Font Info:    ... okay on input line 179.
LaTeX Font Info:    Checking defaults for OMX/cmex/m/n on input line 179.
LaTeX Font Info:    ... okay on input line 179.
LaTeX Font Info:    Checking defaults for U/cmr/m/n on input line 179.
LaTeX Font Info:    ... okay on input line 179.
LaTeX Font Info:    Checking defaults for EU1/lmr/m/n on input line 179.
LaTeX Font Info:    ... okay on input line 179.
LaTeX Font Info:    Checking defaults for T3/cmr/m/n on input line 179.
LaTeX Font Info:    Try loading font information for T3+cmr on input line 179.

(D:\CTEX\MiKTeX\tex\latex\tipa\t3cmr.fd
File: t3cmr.fd 2001/12/31 TIPA font definitions
)
LaTeX Font Info:    ... okay on input line 179.
LaTeX Font Info:    Checking defaults for PD1/pdf/m/n on input line 179.
LaTeX Font Info:    ... okay on input line 179.
LaTeX Font Info:    Checking defaults for PU/pdf/m/n on input line 179.
LaTeX Font Info:    ... okay on input line 179.
Requested font "[simsun.ttc]/ICU:" at 10.95pt
 -> C:/WINDOWS/Fonts/simsun.ttc

*geometry* detected driver: pdftex
*geometry* verbose mode - [ preamble ] result:
* driver: pdftex
* paper: custom
* layout: <same size as paper>
* layoutoffset:(h,v)=(0.0pt,0.0pt)
* lines: 26
* modes: includehead 
* h-part:(L,W,R)=(56.9055pt, 483.69687pt, 56.9055pt)
* v-part:(T,H,B)=(42.67912pt, 739.77167pt, 56.9055pt)
* \paperwidth=597.50787pt
* \paperheight=839.3563pt
* \textwidth=483.69687pt
* \textheight=719.77167pt
* \oddsidemargin=-15.36449pt
* \evensidemargin=-15.36449pt
* \topmargin=-29.59087pt
* \headheight=5.0pt
* \headsep=15.0pt
* \topskip=11.0pt
* \footskip=30.0pt
* \marginparwidth=50.0pt
* \marginparsep=10.0pt
* \columnsep=10.0pt
* \skip\footins=10.0pt plus 4.0pt minus 2.0pt
* \hoffset=0.0pt
* \voffset=0.0pt
* \mag=1000
* \@twocolumnfalse
* \@twosidefalse
* \@mparswitchfalse
* \@reversemarginfalse
* (1in=72.27pt=25.4mm, 1cm=28.453pt)

.................................................
. fontspec info: "setup-math"
. 
. Adjusting the maths setup (use [no-math] to avoid this).
.................................................
\symlegacymaths=\mathgroup4
LaTeX Font Info:    Overwriting symbol font `legacymaths' in version `bold'
(Font)                  OT1/cmr/m/n --> OT1/cmr/bx/n on input line 179.
LaTeX Font Info:    Redeclaring math accent \acute on input line 179.
LaTeX Font Info:    Redeclaring math accent \grave on input line 179.
LaTeX Font Info:    Redeclaring math accent \ddot on input line 179.
LaTeX Font Info:    Redeclaring math accent \tilde on input line 179.
LaTeX Font Info:    Redeclaring math accent \bar on input line 179.
LaTeX Font Info:    Redeclaring math accent \breve on input line 179.
LaTeX Font Info:    Redeclaring math accent \check on input line 179.
LaTeX Font Info:    Redeclaring math accent \hat on input line 179.
LaTeX Font Info:    Redeclaring math accent \dot on input line 179.
LaTeX Font Info:    Redeclaring math accent \mathring on input line 179.
LaTeX Font Info:    Redeclaring math symbol \colon on input line 179.
LaTeX Font Info:    Redeclaring math symbol \Gamma on input line 179.
LaTeX Font Info:    Redeclaring math symbol \Delta on input line 179.
LaTeX Font Info:    Redeclaring math symbol \Theta on input line 179.
LaTeX Font Info:    Redeclaring math symbol \Lambda on input line 179.
LaTeX Font Info:    Redeclaring math symbol \Xi on input line 179.
LaTeX Font Info:    Redeclaring math symbol \Pi on input line 179.
LaTeX Font Info:    Redeclaring math symbol \Sigma on input line 179.
LaTeX Font Info:    Redeclaring math symbol \Upsilon on input line 179.
LaTeX Font Info:    Redeclaring math symbol \Phi on input line 179.
LaTeX Font Info:    Redeclaring math symbol \Psi on input line 179.
LaTeX Font Info:    Redeclaring math symbol \Omega on input line 179.
LaTeX Font Info:    Redeclaring math symbol \mathdollar on input line 179.
LaTeX Font Info:    Redeclaring symbol font `operators' on input line 179.
LaTeX Font Info:    Encoding `OT1' has changed to `EU1' for symbol font
(Font)              `operators' in the math version `normal' on input line 179.

LaTeX Font Info:    Overwriting symbol font `operators' in version `normal'
(Font)                  OT1/cmr/m/n --> EU1/simsun.ttc(0)/m/n on input line 179
.
LaTeX Font Info:    Encoding `OT1' has changed to `EU1' for symbol font
(Font)              `operators' in the math version `bold' on input line 179.
LaTeX Font Info:    Overwriting symbol font `operators' in version `bold'
(Font)                  OT1/cmr/bx/n --> EU1/simsun.ttc(0)/m/n on input line 17
9.
LaTeX Font Info:    Overwriting symbol font `operators' in version `normal'
(Font)                  EU1/simsun.ttc(0)/m/n --> EU1/simsun.ttc(0)/m/n on inpu
t line 179.
LaTeX Font Info:    Overwriting math alphabet `\mathrm' in version `normal'
(Font)                  EU1/simsun.ttc(0)/m/n --> EU1/simsun.ttc(0)/m/n on inpu
t line 179.
LaTeX Font Info:    Overwriting math alphabet `\mathit' in version `normal'
(Font)                  OT1/cmr/m/it --> EU1/simsun.ttc(0)/m/it on input line 1
79.
LaTeX Font Info:    Overwriting math alphabet `\mathbf' in version `normal'
(Font)                  OT1/cmr/bx/n --> EU1/simsun.ttc(0)/bx/n on input line 1
79.
LaTeX Font Info:    Overwriting math alphabet `\mathsf' in version `normal'
(Font)                  OT1/cmss/m/n --> EU1/lmss/m/n on input line 179.
LaTeX Font Info:    Overwriting math alphabet `\mathtt' in version `normal'
(Font)                  OT1/cmtt/m/n --> EU1/lmtt/m/n on input line 179.
LaTeX Font Info:    Overwriting symbol font `operators' in version `bold'
(Font)                  EU1/simsun.ttc(0)/m/n --> EU1/simsun.ttc(0)/bx/n on inp
ut line 179.
LaTeX Font Info:    Overwriting math alphabet `\mathrm' in version `bold'
(Font)                  EU1/simsun.ttc(0)/m/n --> EU1/simsun.ttc(0)/bx/n on inp
ut line 179.
LaTeX Font Info:    Overwriting math alphabet `\mathit' in version `bold'
(Font)                  OT1/cmr/bx/it --> EU1/simsun.ttc(0)/bx/it on input line
 179.
LaTeX Font Info:    Overwriting math alphabet `\mathsf' in version `bold'
(Font)                  OT1/cmss/bx/n --> EU1/lmss/bx/n on input line 179.
LaTeX Font Info:    Overwriting math alphabet `\mathtt' in version `bold'
(Font)                  OT1/cmtt/m/n --> EU1/lmtt/bx/n on input line 179.
\c@lstlisting=\count296
\AtBeginShipoutBox=\box65
Package hyperref Info: Link coloring OFF on input line 179.
(D:\CTEX\MiKTeX\tex\latex\hyperref\nameref.sty
Package: nameref 2010/04/30 v2.40 Cross-referencing by name of section

(D:\CTEX\MiKTeX\tex\generic\oberdiek\gettitlestring.sty
Package: gettitlestring 2010/12/03 v1.4 Cleanup title references (HO)
)
\c@section@level=\count297
)
LaTeX Info: Redefining \ref on input line 179.
LaTeX Info: Redefining \pageref on input line 179.
LaTeX Info: Redefining \nameref on input line 179.

(M:\latex模板0501\吴鸿毅latex模板\吴鸿毅模板.out)
(M:\latex模板0501\吴鸿毅latex模板\吴鸿毅模板.out)
\@outlinefile=\write3


Package hyperref Warning: Rerun to get /PageLabels entry.

Requested font "[simsun.ttc]/ICU:" at 17.28pt
 -> C:/WINDOWS/Fonts/simsun.ttc
Requested font "[simsun.ttc]/ICU:" at 26.0pt
 -> C:/WINDOWS/Fonts/simsun.ttc
Requested font "[simkai.ttf]/ICU:" at 26.0pt
 -> C:/WINDOWS/Fonts/simkai.ttf
LaTeX Font Info:    Calculating math sizes for size <26> on input line 181.
Requested font "[simsun.ttc]/ICU:" at 18.19992pt
 -> C:/WINDOWS/Fonts/simsun.ttc
Requested font "[simsun.ttc]/ICU:" at 13.0pt
 -> C:/WINDOWS/Fonts/simsun.ttc

LaTeX Font Warning: Font shape `OML/cmm/m/it' in size <26> not available
(Font)              size <24.88> substituted on input line 181.

Requested font "cmmi12" at 24.88pt
 -> cmmi12

LaTeX Font Warning: Font shape `OML/cmm/m/it' in size <18.19992> not available
(Font)              size <17.28> substituted on input line 181.

Requested font "cmmi12" at 17.28pt
 -> cmmi12

LaTeX Font Warning: Font shape `OML/cmm/m/it' in size <13> not available
(Font)              size <12> substituted on input line 181.

Requested font "cmmi12" at 12.0pt
 -> cmmi12

LaTeX Font Warning: Font shape `OMS/cmsy/m/n' in size <26> not available
(Font)              size <24.88> substituted on input line 181.

Requested font "cmsy10" at 24.88pt
 -> cmsy10

LaTeX Font Warning: Font shape `OMS/cmsy/m/n' in size <18.19992> not available
(Font)              size <17.28> substituted on input line 181.

Requested font "cmsy10" at 17.28pt
 -> cmsy10

LaTeX Font Warning: Font shape `OMS/cmsy/m/n' in size <13> not available
(Font)              size <12> substituted on input line 181.

Requested font "cmsy10" at 12.0pt
 -> cmsy10
LaTeX Font Info:    External font `cmex10' loaded for size
(Font)              <26> on input line 181.
LaTeX Font Info:    External font `cmex10' loaded for size
(Font)              <18.19992> on input line 181.
LaTeX Font Info:    External font `cmex10' loaded for size
(Font)              <13> on input line 181.

LaTeX Font Warning: Font shape `OT1/cmr/m/n' in size <26> not available
(Font)              size <24.88> substituted on input line 181.

Requested font "cmr17" at 24.88pt
 -> cmr17

LaTeX Font Warning: Font shape `OT1/cmr/m/n' in size <18.19992> not available
(Font)              size <17.28> substituted on input line 181.

Requested font "cmr17" at 17.28pt
 -> cmr17

LaTeX Font Warning: Font shape `OT1/cmr/m/n' in size <13> not available
(Font)              size <12> substituted on input line 181.

Requested font "cmr12" at 12.0pt
 -> cmr12
Requested font "[simkai.ttf]/ICU:" at 18.19992pt
 -> C:/WINDOWS/Fonts/simkai.ttf
Requested font "[simsun.ttc]/ICU:" at 12.0pt
 -> C:/WINDOWS/Fonts/simsun.ttc
Requested font "[simsun.ttc]/ICU:" at 8.0pt
 -> C:/WINDOWS/Fonts/simsun.ttc
Requested font "[simsun.ttc]/ICU:" at 6.0pt
 -> C:/WINDOWS/Fonts/simsun.ttc
Requested font "cmmi8" at 8.0pt
 -> cmmi8
Requested font "cmmi6" at 6.0pt
 -> cmmi6
Requested font "cmsy8" at 8.0pt
 -> cmsy8
Requested font "cmsy6" at 6.0pt
 -> cmsy6
LaTeX Font Info:    External font `cmex10' loaded for size
(Font)              <12> on input line 181.
LaTeX Font Info:    External font `cmex10' loaded for size
(Font)              <8> on input line 181.
LaTeX Font Info:    External font `cmex10' loaded for size
(Font)              <6> on input line 181.
Requested font "cmr8" at 8.0pt
 -> cmr8
Requested font "cmr6" at 6.0pt
 -> cmr6
Requested font "[simsun.ttc]/ICU:" at 16.0pt
 -> C:/WINDOWS/Fonts/simsun.ttc
(D:\CTEX\MiKTeX\tex\generic\oberdiek\se-ascii-print.def
File: se-ascii-print.def 2010/03/01 v1.8 stringenc: Printable ASCII characters
) [1

]
Requested font "[simsun.ttc]/ICU:" at 20.74pt
 -> C:/WINDOWS/Fonts/simsun.ttc
Requested font "[SimHei]/ICU:" at 20.74pt
 -> C:/WINDOWS/Fonts/SimHei.ttf


LaTeX Font Warning: Font shape `EU1/simkai.ttf(0)/bx/n' undefined
(Font)              using `EU1/simkai.ttf(0)/m/n' instead on input line 188.

Requested font "[simkai.ttf]/ICU:" at 20.74pt
 -> C:/WINDOWS/Fonts/simkai.ttf
Requested font "[SimHei]/ICU:" at 17.28pt
 -> C:/WINDOWS/Fonts/SimHei.ttf
Requested font "[simkai.ttf]/ICU:" at 17.28pt
 -> C:/WINDOWS/Fonts/simkai.ttf
Requested font "[SimHei]/ICU:" at 10.95pt
 -> C:/WINDOWS/Fonts/SimHei.ttf
Requested font "[simkai.ttf]/ICU:" at 10.95pt
 -> C:/WINDOWS/Fonts/simkai.ttf
Requested font "[simkai.ttf]/ICU:" at 14.0pt
 -> C:/WINDOWS/Fonts/simkai.ttf
Requested font "Times New Roman/ICU:" at 10.95pt
 -> C:/WINDOWS/Fonts/times.ttf

Underfull \hbox (badness 10000) in paragraph at lines 199--201

 []

Requested font "cmmi10" at 10.95pt
 -> cmmi10
Requested font "cmsy10" at 10.95pt
 -> cmsy10
LaTeX Font Info:    External font `cmex10' loaded for size
(Font)              <10.95> on input line 202.
LaTeX Font Info:    Try loading font information for EU1+lmtt on input line 204
.
(D:\CTEX\MiKTeX\tex\latex\euenc\eu1lmtt.fd
File: eu1lmtt.fd 2009/10/30 v1.6 Font defs for Latin Modern
)
Requested font "[lmmono10-regular]" at 10.95pt
 -> D:/CTEX/MiKTeX/fonts/opentype/public/lm/lmmono10-regular.otf
Requested font "[lmmono10-italic]" at 10.95pt
 -> D:/CTEX/MiKTeX/fonts/opentype/public/lm/lmmono10-italic.otf
LaTeX Font Info:    Font shape `EU1/lmtt/bx/n' in size <10.95> not available
(Font)              Font shape `EU1/lmtt/b/n' tried instead on input line 210.
Requested font "[lmmonolt10-bold]" at 10.95pt
 -> D:/CTEX/MiKTeX/fonts/opentype/public/lm/lmmonolt10-bold.otf
Requested font "[simkai.ttf]/ICU:" at 10.0pt
 -> C:/WINDOWS/Fonts/simkai.ttf

Overfull \vbox (2.85156pt too high) has occurred while \output is active []


[2]
Requested font "[simsun.ttc]/ICU:" at 10.5pt
 -> C:/WINDOWS/Fonts/simsun.ttc


LaTeX Font Warning: Font shape `EU1/simsun.ttc(1)/bx/n' undefined
(Font)              using `EU1/simsun.ttc(1)/m/n' instead on input line 239.

File: tupianceshi.jpg Graphic file (type QTm)
<use  "tupianceshi.jpg" >
Package atveryend Info: Empty hook `BeforeClearDocument' on input line 251.

Overfull \vbox (3.51563pt too high) has occurred while \output is active []


[3]
Package atveryend Info: Empty hook `AfterLastShipout' on input line 251.
 (M:\latex模板0501\吴鸿毅latex模板\吴鸿毅模板.aux)
Package atveryend Info: Empty hook `AtVeryEndDocument' on input line 251.
Package atveryend Info: Empty hook `AtEndAfterFileList' on input line 251.


LaTeX Font Warning: Size substitutions with differences
(Font)              up to 1.12pt have occurred.


LaTeX Font Warning: Some font shapes were not available, defaults substituted.

 ) 
Here is how much of TeX's memory you used:
 21191 strings out of 430478
 400644 string characters out of 3191503
 463620 words of memory out of 3000000
 24092 multiletter control sequences out of 15000+200000
 9448 words of font info for 73 fonts, out of 3000000 for 9000
 14 hyphenation exceptions out of 8191
 36i,7n,58p,579b,699s stack positions out of 5000i,500n,10000p,200000b,50000s

Output written on 吴鸿毅模板.pdf (3 pages).
